2022-07-11 10:03:55,428  INFO Microsoft.Hosting.Lifetime.OnApplicationStarted [0] - MESSAGE: Application started. Press Ctrl+C to shut down.
 2022-07-11 10:03:55,631  INFO Microsoft.Hosting.Lifetime.OnApplicationStarted [0] - MESSAGE: Hosting environment: Development
 2022-07-11 10:03:55,634  INFO Microsoft.Hosting.Lifetime.OnApplicationStarted [0] - MESSAGE: Content root path: D:\UpSkill\UpSkill_2287\UpSkillApi\APIs\UpSkillFoundationApi\UpSkillFoundationApi
 2022-07-11 10:03:55,644  WARN Microsoft.AspNetCore.HttpsPolicy.HttpsRedirectionMiddleware.? [?] - MESSAGE: Failed to determine the https port for redirect.
 2022-07-11 10:04:14,427  WARN Microsoft.EntityFrameworkCore.Model.Validation.? [?] - MESSAGE: The property 'ShiftId' on entity type 'Shift' is of type 'byte', but is set up to use a SQL Server identity column. This requires that values starting at 255 and counting down will be used for temporary key values. A temporary key value is needed for every entity inserted in a single call to 'SaveChanges'. Care must be taken that these values do not collide with real key values.
 2022-07-11 14:18:58,429  WARN Microsoft.AspNetCore.Mvc.Formatters.XmlSerializerOutputFormatter.? [?] - MESSAGE: An error occurred while trying to create an XmlSerializer for the type 'Microsoft.AspNetCore.Mvc.Formatters.Xml.DelegatingEnumerable`2[[UpSkillFoundationApi.Models.EmployeeDepartmentHistory, UpSkillFoundationApi, Version=1.0.0.0, Culture=neutral, PublicKeyToken=null],[UpSkillFoundationApi.Models.EmployeeDepartmentHistory, UpSkillFoundationApi, Version=1.0.0.0, Culture=neutral, PublicKeyToken=null]]'.
 System.InvalidOperationException: There was an error reflecting type 'Microsoft.AspNetCore.Mvc.Formatters.Xml.DelegatingEnumerable`2[UpSkillFoundationApi.Models.EmployeeDepartmentHistory,UpSkillFoundationApi.Models.EmployeeDepartmentHistory]'.
 ---> System.InvalidOperationException: There was an error reflecting type 'UpSkillFoundationApi.Models.EmployeeDepartmentHistory'.
 ---> System.InvalidOperationException: There was an error reflecting property 'BusinessEntity'.
 ---> System.InvalidOperationException: There was an error reflecting type 'UpSkillFoundationApi.Models.Employee'.
 ---> System.InvalidOperationException: Cannot serialize member 'UpSkillFoundationApi.Models.Employee.EmployeeDepartmentHistories' of type 'System.Collections.Generic.ICollection`1[[UpSkillFoundationApi.Models.EmployeeDepartmentHistory, UpSkillFoundationApi, Version=1.0.0.0, Culture=neutral, PublicKeyToken=null]]', see inner exception for more details.
 ---> System.NotSupportedException: Cannot serialize member UpSkillFoundationApi.Models.Employee.EmployeeDepartmentHistories of type System.Collections.Generic.ICollection`1[[UpSkillFoundationApi.Models.EmployeeDepartmentHistory, UpSkillFoundationApi, Version=1.0.0.0, Culture=neutral, PublicKeyToken=null]] because it is an interface.
   --- End of inner exception stack trace ---
   at System.Xml.Serialization.StructModel.CheckSupportedMember(TypeDesc typeDesc, MemberInfo member, Type type)
   at System.Xml.Serialization.StructModel.GetPropertyModel(PropertyInfo propertyInfo)
   at System.Xml.Serialization.StructModel.GetFieldModel(MemberInfo memberInfo)
   at System.Xml.Serialization.XmlReflectionImporter.InitializeStructMembers(StructMapping mapping, StructModel model, Boolean openModel, String typeName, RecursionLimiter limiter)
   at System.Xml.Serialization.XmlReflectionImporter.ImportStructLikeMapping(StructModel model, String ns, Boolean openModel, XmlAttributes a, RecursionLimiter limiter)
   at System.Xml.Serialization.XmlReflectionImporter.ImportTypeMapping(TypeModel model, String ns, ImportContext context, String dataType, XmlAttributes a, Boolean repeats, Boolean openModel, RecursionLimiter limiter)
   --- End of inner exception stack trace ---
   at System.Xml.Serialization.XmlReflectionImporter.ImportTypeMapping(TypeModel model, String ns, ImportContext context, String dataType, XmlAttributes a, Boolean repeats, Boolean openModel, RecursionLimiter limiter)
   at System.Xml.Serialization.XmlReflectionImporter.ImportAccessorMapping(MemberMapping accessor, FieldModel model, XmlAttributes a, String ns, Type choiceIdentifierType, Boolean rpc, Boolean openModel, RecursionLimiter limiter)
   at System.Xml.Serialization.XmlReflectionImporter.ImportFieldMapping(StructModel parent, FieldModel model, XmlAttributes a, String ns, RecursionLimiter limiter)
   at System.Xml.Serialization.XmlReflectionImporter.InitializeStructMembers(StructMapping mapping, StructModel model, Boolean openModel, String typeName, RecursionLimiter limiter)
   --- End of inner exception stack trace ---
   at System.Xml.Serialization.XmlReflectionImporter.InitializeStructMembers(StructMapping mapping, StructModel model, Boolean openModel, String typeName, RecursionLimiter limiter)
   at System.Xml.Serialization.XmlReflectionImporter.ImportStructLikeMapping(StructModel model, String ns, Boolean openModel, XmlAttributes a, RecursionLimiter limiter)
   at System.Xml.Serialization.XmlReflectionImporter.ImportTypeMapping(TypeModel model, String ns, ImportContext context, String dataType, XmlAttributes a, Boolean repeats, Boolean openModel, RecursionLimiter limiter)
   --- End of inner exception stack trace ---
   at System.Xml.Serialization.XmlReflectionImporter.ImportTypeMapping(TypeModel model, String ns, ImportContext context, String dataType, XmlAttributes a, Boolean repeats, Boolean openModel, RecursionLimiter limiter)
   at System.Xml.Serialization.XmlReflectionImporter.CreateArrayElementsFromAttributes(ArrayMapping arrayMapping, XmlArrayItemAttributes attributes, Type arrayElementType, String arrayElementNs, RecursionLimiter limiter)
   at System.Xml.Serialization.XmlReflectionImporter.ImportArrayLikeMapping(ArrayModel model, String ns, RecursionLimiter limiter)
   at System.Xml.Serialization.XmlReflectionImporter.ImportTypeMapping(TypeModel model, String ns, ImportContext context, String dataType, XmlAttributes a, Boolean repeats, Boolean openModel, RecursionLimiter limiter)
   --- End of inner exception stack trace ---
   at System.Xml.Serialization.XmlReflectionImporter.ImportTypeMapping(TypeModel model, String ns, ImportContext context, String dataType, XmlAttributes a, Boolean repeats, Boolean openModel, RecursionLimiter limiter)
   at System.Xml.Serialization.XmlReflectionImporter.ImportElement(TypeModel model, XmlRootAttribute root, String defaultNamespace, RecursionLimiter limiter)
   at System.Xml.Serialization.XmlReflectionImporter.ImportTypeMapping(Type type, XmlRootAttribute root, String defaultNamespace)
   at System.Xml.Serialization.XmlSerializer..ctor(Type type, String defaultNamespace)
   at System.Xml.Serialization.XmlSerializer..ctor(Type type)
   at Microsoft.AspNetCore.Mvc.Formatters.XmlSerializerOutputFormatter.CreateSerializer(Type type)
2022-07-11 14:18:58,448  WARN Microsoft.AspNetCore.Mvc.Formatters.XmlSerializerOutputFormatter.? [?] - MESSAGE: An error occurred while trying to create an XmlSerializer for the type 'Microsoft.AspNetCore.Mvc.Formatters.Xml.DelegatingEnumerable`2[[UpSkillFoundationApi.Models.Department, UpSkillFoundationApi, Version=1.0.0.0, Culture=neutral, PublicKeyToken=null],[UpSkillFoundationApi.Models.Department, UpSkillFoundationApi, Version=1.0.0.0, Culture=neutral, PublicKeyToken=null]]'.
 System.InvalidOperationException: There was an error reflecting type 'Microsoft.AspNetCore.Mvc.Formatters.Xml.DelegatingEnumerable`2[UpSkillFoundationApi.Models.Department,UpSkillFoundationApi.Models.Department]'.
 ---> System.InvalidOperationException: There was an error reflecting type 'UpSkillFoundationApi.Models.Department'.
 ---> System.InvalidOperationException: Cannot serialize member 'UpSkillFoundationApi.Models.Department.EmployeeDepartmentHistories' of type 'System.Collections.Generic.ICollection`1[[UpSkillFoundationApi.Models.EmployeeDepartmentHistory, UpSkillFoundationApi, Version=1.0.0.0, Culture=neutral, PublicKeyToken=null]]', see inner exception for more details.
 ---> System.NotSupportedException: Cannot serialize member UpSkillFoundationApi.Models.Department.EmployeeDepartmentHistories of type System.Collections.Generic.ICollection`1[[UpSkillFoundationApi.Models.EmployeeDepartmentHistory, UpSkillFoundationApi, Version=1.0.0.0, Culture=neutral, PublicKeyToken=null]] because it is an interface.
   --- End of inner exception stack trace ---
   at System.Xml.Serialization.StructModel.CheckSupportedMember(TypeDesc typeDesc, MemberInfo member, Type type)
   at System.Xml.Serialization.StructModel.GetPropertyModel(PropertyInfo propertyInfo)
   at System.Xml.Serialization.StructModel.GetFieldModel(MemberInfo memberInfo)
   at System.Xml.Serialization.XmlReflectionImporter.InitializeStructMembers(StructMapping mapping, StructModel model, Boolean openModel, String typeName, RecursionLimiter limiter)
   at System.Xml.Serialization.XmlReflectionImporter.ImportStructLikeMapping(StructModel model, String ns, Boolean openModel, XmlAttributes a, RecursionLimiter limiter)
   at System.Xml.Serialization.XmlReflectionImporter.ImportTypeMapping(TypeModel model, String ns, ImportContext context, String dataType, XmlAttributes a, Boolean repeats, Boolean openModel, RecursionLimiter limiter)
   --- End of inner exception stack trace ---
   at System.Xml.Serialization.XmlReflectionImporter.ImportTypeMapping(TypeModel model, String ns, ImportContext context, String dataType, XmlAttributes a, Boolean repeats, Boolean openModel, RecursionLimiter limiter)
   at System.Xml.Serialization.XmlReflectionImporter.CreateArrayElementsFromAttributes(ArrayMapping arrayMapping, XmlArrayItemAttributes attributes, Type arrayElementType, String arrayElementNs, RecursionLimiter limiter)
   at System.Xml.Serialization.XmlReflectionImporter.ImportArrayLikeMapping(ArrayModel model, String ns, RecursionLimiter limiter)
   at System.Xml.Serialization.XmlReflectionImporter.ImportTypeMapping(TypeModel model, String ns, ImportContext context, String dataType, XmlAttributes a, Boolean repeats, Boolean openModel, RecursionLimiter limiter)
   --- End of inner exception stack trace ---
   at System.Xml.Serialization.XmlReflectionImporter.ImportTypeMapping(TypeModel model, String ns, ImportContext context, String dataType, XmlAttributes a, Boolean repeats, Boolean openModel, RecursionLimiter limiter)
   at System.Xml.Serialization.XmlReflectionImporter.ImportElement(TypeModel model, XmlRootAttribute root, String defaultNamespace, RecursionLimiter limiter)
   at System.Xml.Serialization.XmlReflectionImporter.ImportTypeMapping(Type type, XmlRootAttribute root, String defaultNamespace)
   at System.Xml.Serialization.XmlSerializer..ctor(Type type, String defaultNamespace)
   at System.Xml.Serialization.XmlSerializer..ctor(Type type)
   at Microsoft.AspNetCore.Mvc.Formatters.XmlSerializerOutputFormatter.CreateSerializer(Type type)
2022-07-11 14:18:58,510  WARN Microsoft.AspNetCore.Mvc.Formatters.XmlSerializerOutputFormatter.? [?] - MESSAGE: An error occurred while trying to create an XmlSerializer for the type 'Microsoft.AspNetCore.Mvc.Formatters.Xml.DelegatingEnumerable`2[[UpSkillFoundationApi.Models.Employee, UpSkillFoundationApi, Version=1.0.0.0, Culture=neutral, PublicKeyToken=null],[UpSkillFoundationApi.Models.Employee, UpSkillFoundationApi, Version=1.0.0.0, Culture=neutral, PublicKeyToken=null]]'.
 System.InvalidOperationException: There was an error reflecting type 'Microsoft.AspNetCore.Mvc.Formatters.Xml.DelegatingEnumerable`2[UpSkillFoundationApi.Models.Employee,UpSkillFoundationApi.Models.Employee]'.
 ---> System.InvalidOperationException: There was an error reflecting type 'UpSkillFoundationApi.Models.Employee'.
 ---> System.InvalidOperationException: Cannot serialize member 'UpSkillFoundationApi.Models.Employee.EmployeeDepartmentHistories' of type 'System.Collections.Generic.ICollection`1[[UpSkillFoundationApi.Models.EmployeeDepartmentHistory, UpSkillFoundationApi, Version=1.0.0.0, Culture=neutral, PublicKeyToken=null]]', see inner exception for more details.
 ---> System.NotSupportedException: Cannot serialize member UpSkillFoundationApi.Models.Employee.EmployeeDepartmentHistories of type System.Collections.Generic.ICollection`1[[UpSkillFoundationApi.Models.EmployeeDepartmentHistory, UpSkillFoundationApi, Version=1.0.0.0, Culture=neutral, PublicKeyToken=null]] because it is an interface.
   --- End of inner exception stack trace ---
   at System.Xml.Serialization.StructModel.CheckSupportedMember(TypeDesc typeDesc, MemberInfo member, Type type)
   at System.Xml.Serialization.StructModel.GetPropertyModel(PropertyInfo propertyInfo)
   at System.Xml.Serialization.StructModel.GetFieldModel(MemberInfo memberInfo)
   at System.Xml.Serialization.XmlReflectionImporter.InitializeStructMembers(StructMapping mapping, StructModel model, Boolean openModel, String typeName, RecursionLimiter limiter)
   at System.Xml.Serialization.XmlReflectionImporter.ImportStructLikeMapping(StructModel model, String ns, Boolean openModel, XmlAttributes a, RecursionLimiter limiter)
   at System.Xml.Serialization.XmlReflectionImporter.ImportTypeMapping(TypeModel model, String ns, ImportContext context, String dataType, XmlAttributes a, Boolean repeats, Boolean openModel, RecursionLimiter limiter)
   --- End of inner exception stack trace ---
   at System.Xml.Serialization.XmlReflectionImporter.ImportTypeMapping(TypeModel model, String ns, ImportContext context, String dataType, XmlAttributes a, Boolean repeats, Boolean openModel, RecursionLimiter limiter)
   at System.Xml.Serialization.XmlReflectionImporter.CreateArrayElementsFromAttributes(ArrayMapping arrayMapping, XmlArrayItemAttributes attributes, Type arrayElementType, String arrayElementNs, RecursionLimiter limiter)
   at System.Xml.Serialization.XmlReflectionImporter.ImportArrayLikeMapping(ArrayModel model, String ns, RecursionLimiter limiter)
   at System.Xml.Serialization.XmlReflectionImporter.ImportTypeMapping(TypeModel model, String ns, ImportContext context, String dataType, XmlAttributes a, Boolean repeats, Boolean openModel, RecursionLimiter limiter)
   --- End of inner exception stack trace ---
   at System.Xml.Serialization.XmlReflectionImporter.ImportTypeMapping(TypeModel model, String ns, ImportContext context, String dataType, XmlAttributes a, Boolean repeats, Boolean openModel, RecursionLimiter limiter)
   at System.Xml.Serialization.XmlReflectionImporter.ImportElement(TypeModel model, XmlRootAttribute root, String defaultNamespace, RecursionLimiter limiter)
   at System.Xml.Serialization.XmlReflectionImporter.ImportTypeMapping(Type type, XmlRootAttribute root, String defaultNamespace)
   at System.Xml.Serialization.XmlSerializer..ctor(Type type, String defaultNamespace)
   at System.Xml.Serialization.XmlSerializer..ctor(Type type)
   at Microsoft.AspNetCore.Mvc.Formatters.XmlSerializerOutputFormatter.CreateSerializer(Type type)
2022-07-11 14:18:58,521  WARN Microsoft.AspNetCore.Mvc.Formatters.XmlSerializerOutputFormatter.? [?] - MESSAGE: An error occurred while trying to create an XmlSerializer for the type 'Microsoft.AspNetCore.Mvc.Formatters.Xml.DelegatingEnumerable`2[[UpSkillFoundationApi.Models.Employee, UpSkillFoundationApi, Version=1.0.0.0, Culture=neutral, PublicKeyToken=null],[UpSkillFoundationApi.Models.Employee, UpSkillFoundationApi, Version=1.0.0.0, Culture=neutral, PublicKeyToken=null]]'.
 System.InvalidOperationException: There was an error reflecting type 'Microsoft.AspNetCore.Mvc.Formatters.Xml.DelegatingEnumerable`2[UpSkillFoundationApi.Models.Employee,UpSkillFoundationApi.Models.Employee]'.
 ---> System.InvalidOperationException: There was an error reflecting type 'UpSkillFoundationApi.Models.Employee'.
 ---> System.InvalidOperationException: Cannot serialize member 'UpSkillFoundationApi.Models.Employee.EmployeeDepartmentHistories' of type 'System.Collections.Generic.ICollection`1[[UpSkillFoundationApi.Models.EmployeeDepartmentHistory, UpSkillFoundationApi, Version=1.0.0.0, Culture=neutral, PublicKeyToken=null]]', see inner exception for more details.
 ---> System.NotSupportedException: Cannot serialize member UpSkillFoundationApi.Models.Employee.EmployeeDepartmentHistories of type System.Collections.Generic.ICollection`1[[UpSkillFoundationApi.Models.EmployeeDepartmentHistory, UpSkillFoundationApi, Version=1.0.0.0, Culture=neutral, PublicKeyToken=null]] because it is an interface.
   --- End of inner exception stack trace ---
   at System.Xml.Serialization.StructModel.CheckSupportedMember(TypeDesc typeDesc, MemberInfo member, Type type)
   at System.Xml.Serialization.StructModel.GetPropertyModel(PropertyInfo propertyInfo)
   at System.Xml.Serialization.StructModel.GetFieldModel(MemberInfo memberInfo)
   at System.Xml.Serialization.XmlReflectionImporter.InitializeStructMembers(StructMapping mapping, StructModel model, Boolean openModel, String typeName, RecursionLimiter limiter)
   at System.Xml.Serialization.XmlReflectionImporter.ImportStructLikeMapping(StructModel model, String ns, Boolean openModel, XmlAttributes a, RecursionLimiter limiter)
   at System.Xml.Serialization.XmlReflectionImporter.ImportTypeMapping(TypeModel model, String ns, ImportContext context, String dataType, XmlAttributes a, Boolean repeats, Boolean openModel, RecursionLimiter limiter)
   --- End of inner exception stack trace ---
   at System.Xml.Serialization.XmlReflectionImporter.ImportTypeMapping(TypeModel model, String ns, ImportContext context, String dataType, XmlAttributes a, Boolean repeats, Boolean openModel, RecursionLimiter limiter)
   at System.Xml.Serialization.XmlReflectionImporter.CreateArrayElementsFromAttributes(ArrayMapping arrayMapping, XmlArrayItemAttributes attributes, Type arrayElementType, String arrayElementNs, RecursionLimiter limiter)
   at System.Xml.Serialization.XmlReflectionImporter.ImportArrayLikeMapping(ArrayModel model, String ns, RecursionLimiter limiter)
   at System.Xml.Serialization.XmlReflectionImporter.ImportTypeMapping(TypeModel model, String ns, ImportContext context, String dataType, XmlAttributes a, Boolean repeats, Boolean openModel, RecursionLimiter limiter)
   --- End of inner exception stack trace ---
   at System.Xml.Serialization.XmlReflectionImporter.ImportTypeMapping(TypeModel model, String ns, ImportContext context, String dataType, XmlAttributes a, Boolean repeats, Boolean openModel, RecursionLimiter limiter)
   at System.Xml.Serialization.XmlReflectionImporter.ImportElement(TypeModel model, XmlRootAttribute root, String defaultNamespace, RecursionLimiter limiter)
   at System.Xml.Serialization.XmlReflectionImporter.ImportTypeMapping(Type type, XmlRootAttribute root, String defaultNamespace)
   at System.Xml.Serialization.XmlSerializer..ctor(Type type, String defaultNamespace)
   at System.Xml.Serialization.XmlSerializer..ctor(Type type)
   at Microsoft.AspNetCore.Mvc.Formatters.XmlSerializerOutputFormatter.CreateSerializer(Type type)
2022-07-11 14:18:58,567  WARN Microsoft.AspNetCore.Mvc.Formatters.XmlSerializerOutputFormatter.? [?] - MESSAGE: An error occurred while trying to create an XmlSerializer for the type 'Microsoft.AspNetCore.Mvc.Formatters.Xml.DelegatingEnumerable`2[[UpSkillFoundationApi.Models.Employee, UpSkillFoundationApi, Version=1.0.0.0, Culture=neutral, PublicKeyToken=null],[UpSkillFoundationApi.Models.Employee, UpSkillFoundationApi, Version=1.0.0.0, Culture=neutral, PublicKeyToken=null]]'.
 System.InvalidOperationException: There was an error reflecting type 'Microsoft.AspNetCore.Mvc.Formatters.Xml.DelegatingEnumerable`2[UpSkillFoundationApi.Models.Employee,UpSkillFoundationApi.Models.Employee]'.
 ---> System.InvalidOperationException: There was an error reflecting type 'UpSkillFoundationApi.Models.Employee'.
 ---> System.InvalidOperationException: Cannot serialize member 'UpSkillFoundationApi.Models.Employee.EmployeeDepartmentHistories' of type 'System.Collections.Generic.ICollection`1[[UpSkillFoundationApi.Models.EmployeeDepartmentHistory, UpSkillFoundationApi, Version=1.0.0.0, Culture=neutral, PublicKeyToken=null]]', see inner exception for more details.
 ---> System.NotSupportedException: Cannot serialize member UpSkillFoundationApi.Models.Employee.EmployeeDepartmentHistories of type System.Collections.Generic.ICollection`1[[UpSkillFoundationApi.Models.EmployeeDepartmentHistory, UpSkillFoundationApi, Version=1.0.0.0, Culture=neutral, PublicKeyToken=null]] because it is an interface.
   --- End of inner exception stack trace ---
   at System.Xml.Serialization.StructModel.CheckSupportedMember(TypeDesc typeDesc, MemberInfo member, Type type)
   at System.Xml.Serialization.StructModel.GetPropertyModel(PropertyInfo propertyInfo)
   at System.Xml.Serialization.StructModel.GetFieldModel(MemberInfo memberInfo)
   at System.Xml.Serialization.XmlReflectionImporter.InitializeStructMembers(StructMapping mapping, StructModel model, Boolean openModel, String typeName, RecursionLimiter limiter)
   at System.Xml.Serialization.XmlReflectionImporter.ImportStructLikeMapping(StructModel model, String ns, Boolean openModel, XmlAttributes a, RecursionLimiter limiter)
   at System.Xml.Serialization.XmlReflectionImporter.ImportTypeMapping(TypeModel model, String ns, ImportContext context, String dataType, XmlAttributes a, Boolean repeats, Boolean openModel, RecursionLimiter limiter)
   --- End of inner exception stack trace ---
   at System.Xml.Serialization.XmlReflectionImporter.ImportTypeMapping(TypeModel model, String ns, ImportContext context, String dataType, XmlAttributes a, Boolean repeats, Boolean openModel, RecursionLimiter limiter)
   at System.Xml.Serialization.XmlReflectionImporter.CreateArrayElementsFromAttributes(ArrayMapping arrayMapping, XmlArrayItemAttributes attributes, Type arrayElementType, String arrayElementNs, RecursionLimiter limiter)
   at System.Xml.Serialization.XmlReflectionImporter.ImportArrayLikeMapping(ArrayModel model, String ns, RecursionLimiter limiter)
   at System.Xml.Serialization.XmlReflectionImporter.ImportTypeMapping(TypeModel model, String ns, ImportContext context, String dataType, XmlAttributes a, Boolean repeats, Boolean openModel, RecursionLimiter limiter)
   --- End of inner exception stack trace ---
   at System.Xml.Serialization.XmlReflectionImporter.ImportTypeMapping(TypeModel model, String ns, ImportContext context, String dataType, XmlAttributes a, Boolean repeats, Boolean openModel, RecursionLimiter limiter)
   at System.Xml.Serialization.XmlReflectionImporter.ImportElement(TypeModel model, XmlRootAttribute root, String defaultNamespace, RecursionLimiter limiter)
   at System.Xml.Serialization.XmlReflectionImporter.ImportTypeMapping(Type type, XmlRootAttribute root, String defaultNamespace)
   at System.Xml.Serialization.XmlSerializer..ctor(Type type, String defaultNamespace)
   at System.Xml.Serialization.XmlSerializer..ctor(Type type)
   at Microsoft.AspNetCore.Mvc.Formatters.XmlSerializerOutputFormatter.CreateSerializer(Type type)
2022-07-11 14:18:58,577  WARN Microsoft.AspNetCore.Mvc.Formatters.XmlSerializerOutputFormatter.? [?] - MESSAGE: An error occurred while trying to create an XmlSerializer for the type 'Microsoft.AspNetCore.Mvc.Formatters.Xml.DelegatingEnumerable`2[[UpSkillFoundationApi.Models.Employee, UpSkillFoundationApi, Version=1.0.0.0, Culture=neutral, PublicKeyToken=null],[UpSkillFoundationApi.Models.Employee, UpSkillFoundationApi, Version=1.0.0.0, Culture=neutral, PublicKeyToken=null]]'.
 System.InvalidOperationException: There was an error reflecting type 'Microsoft.AspNetCore.Mvc.Formatters.Xml.DelegatingEnumerable`2[UpSkillFoundationApi.Models.Employee,UpSkillFoundationApi.Models.Employee]'.
 ---> System.InvalidOperationException: There was an error reflecting type 'UpSkillFoundationApi.Models.Employee'.
 ---> System.InvalidOperationException: Cannot serialize member 'UpSkillFoundationApi.Models.Employee.EmployeeDepartmentHistories' of type 'System.Collections.Generic.ICollection`1[[UpSkillFoundationApi.Models.EmployeeDepartmentHistory, UpSkillFoundationApi, Version=1.0.0.0, Culture=neutral, PublicKeyToken=null]]', see inner exception for more details.
 ---> System.NotSupportedException: Cannot serialize member UpSkillFoundationApi.Models.Employee.EmployeeDepartmentHistories of type System.Collections.Generic.ICollection`1[[UpSkillFoundationApi.Models.EmployeeDepartmentHistory, UpSkillFoundationApi, Version=1.0.0.0, Culture=neutral, PublicKeyToken=null]] because it is an interface.
   --- End of inner exception stack trace ---
   at System.Xml.Serialization.StructModel.CheckSupportedMember(TypeDesc typeDesc, MemberInfo member, Type type)
   at System.Xml.Serialization.StructModel.GetPropertyModel(PropertyInfo propertyInfo)
   at System.Xml.Serialization.StructModel.GetFieldModel(MemberInfo memberInfo)
   at System.Xml.Serialization.XmlReflectionImporter.InitializeStructMembers(StructMapping mapping, StructModel model, Boolean openModel, String typeName, RecursionLimiter limiter)
   at System.Xml.Serialization.XmlReflectionImporter.ImportStructLikeMapping(StructModel model, String ns, Boolean openModel, XmlAttributes a, RecursionLimiter limiter)
   at System.Xml.Serialization.XmlReflectionImporter.ImportTypeMapping(TypeModel model, String ns, ImportContext context, String dataType, XmlAttributes a, Boolean repeats, Boolean openModel, RecursionLimiter limiter)
   --- End of inner exception stack trace ---
   at System.Xml.Serialization.XmlReflectionImporter.ImportTypeMapping(TypeModel model, String ns, ImportContext context, String dataType, XmlAttributes a, Boolean repeats, Boolean openModel, RecursionLimiter limiter)
   at System.Xml.Serialization.XmlReflectionImporter.CreateArrayElementsFromAttributes(ArrayMapping arrayMapping, XmlArrayItemAttributes attributes, Type arrayElementType, String arrayElementNs, RecursionLimiter limiter)
   at System.Xml.Serialization.XmlReflectionImporter.ImportArrayLikeMapping(ArrayModel model, String ns, RecursionLimiter limiter)
   at System.Xml.Serialization.XmlReflectionImporter.ImportTypeMapping(TypeModel model, String ns, ImportContext context, String dataType, XmlAttributes a, Boolean repeats, Boolean openModel, RecursionLimiter limiter)
   --- End of inner exception stack trace ---
   at System.Xml.Serialization.XmlReflectionImporter.ImportTypeMapping(TypeModel model, String ns, ImportContext context, String dataType, XmlAttributes a, Boolean repeats, Boolean openModel, RecursionLimiter limiter)
   at System.Xml.Serialization.XmlReflectionImporter.ImportElement(TypeModel model, XmlRootAttribute root, String defaultNamespace, RecursionLimiter limiter)
   at System.Xml.Serialization.XmlReflectionImporter.ImportTypeMapping(Type type, XmlRootAttribute root, String defaultNamespace)
   at System.Xml.Serialization.XmlSerializer..ctor(Type type, String defaultNamespace)
   at System.Xml.Serialization.XmlSerializer..ctor(Type type)
   at Microsoft.AspNetCore.Mvc.Formatters.XmlSerializerOutputFormatter.CreateSerializer(Type type)
