2022-04-19 12:04:15,626  INFO Microsoft.Hosting.Lifetime.MoveNext [0] - MESSAGE: Now listening on: https://localhost:5001
 2022-04-19 12:04:15,716  INFO Microsoft.Hosting.Lifetime.MoveNext [0] - MESSAGE: Now listening on: http://localhost:5000
 2022-04-19 12:04:15,725  INFO Microsoft.Hosting.Lifetime.OnApplicationStarted [0] - MESSAGE: Application started. Press Ctrl+C to shut down.
 2022-04-19 12:04:15,730  INFO Microsoft.Hosting.Lifetime.OnApplicationStarted [0] - MESSAGE: Hosting environment: Development
 2022-04-19 12:04:15,732  INFO Microsoft.Hosting.Lifetime.OnApplicationStarted [0] - MESSAGE: Content root path: C:\Users\uttam.patel\source\repos\UpSkillFoundationApi\UpSkillFoundationApi
 2022-04-19 12:04:31,299  WARN Microsoft.EntityFrameworkCore.Model.Validation.? [?] - MESSAGE: The property 'ShiftId' on entity type 'Shift' is of type 'byte', but is set up to use a SQL Server identity column. This requires that values starting at 255 and counting down will be used for temporary key values. A temporary key value is needed for every entity inserted in a single call to 'SaveChanges'. Care must be taken that these values do not collide with real key values.
 2022-04-19 12:04:33,051  WARN Microsoft.AspNetCore.Mvc.Formatters.XmlSerializerOutputFormatter.? [?] - MESSAGE: An error occurred while trying to create an XmlSerializer for the type 'UpSkillFoundationApi.Models.Response.EmployeeResponse`1[[System.Collections.Generic.List`1[[UpSkillFoundationApi.Models.Employee, UpSkillFoundationApi, Version=1.0.0.0, Culture=neutral, PublicKeyToken=null]], System.Private.CoreLib, Version=4.0.0.0, Culture=neutral, PublicKeyToken=7cec85d7bea7798e]]'.
 System.InvalidOperationException: UpSkillFoundationApi.Models.Response.EmployeeResponse`1[System.Collections.Generic.List`1[UpSkillFoundationApi.Models.Employee]] cannot be serialized because it does not have a parameterless constructor.
   at System.Xml.Serialization.TypeDesc.CheckSupported()
   at System.Xml.Serialization.TypeScope.GetTypeDesc(Type type, MemberInfo source, Boolean directReference, Boolean throwOnError)
   at System.Xml.Serialization.ModelScope.GetTypeModel(Type type, Boolean directReference)
   at System.Xml.Serialization.XmlReflectionImporter.ImportTypeMapping(Type type, XmlRootAttribute root, String defaultNamespace)
   at System.Xml.Serialization.XmlSerializer..ctor(Type type, String defaultNamespace)
   at System.Xml.Serialization.XmlSerializer..ctor(Type type)
   at Microsoft.AspNetCore.Mvc.Formatters.XmlSerializerOutputFormatter.CreateSerializer(Type type)
2022-04-19 12:04:33,061  WARN Microsoft.AspNetCore.Mvc.Formatters.XmlSerializerOutputFormatter.? [?] - MESSAGE: An error occurred while trying to create an XmlSerializer for the type 'UpSkillFoundationApi.Models.Response.EmployeeResponse`1[[System.Collections.Generic.List`1[[UpSkillFoundationApi.Models.Employee, UpSkillFoundationApi, Version=1.0.0.0, Culture=neutral, PublicKeyToken=null]], System.Private.CoreLib, Version=4.0.0.0, Culture=neutral, PublicKeyToken=7cec85d7bea7798e]]'.
 System.InvalidOperationException: UpSkillFoundationApi.Models.Response.EmployeeResponse`1[System.Collections.Generic.List`1[UpSkillFoundationApi.Models.Employee]] cannot be serialized because it does not have a parameterless constructor.
   at System.Xml.Serialization.TypeDesc.CheckSupported()
   at System.Xml.Serialization.TypeScope.GetTypeDesc(Type type, MemberInfo source, Boolean directReference, Boolean throwOnError)
   at System.Xml.Serialization.ModelScope.GetTypeModel(Type type, Boolean directReference)
   at System.Xml.Serialization.XmlReflectionImporter.ImportTypeMapping(Type type, XmlRootAttribute root, String defaultNamespace)
   at System.Xml.Serialization.XmlSerializer..ctor(Type type, String defaultNamespace)
   at System.Xml.Serialization.XmlSerializer..ctor(Type type)
   at Microsoft.AspNetCore.Mvc.Formatters.XmlSerializerOutputFormatter.CreateSerializer(Type type)
2022-04-19 12:04:33,073  WARN Microsoft.AspNetCore.Mvc.Formatters.XmlSerializerOutputFormatter.? [?] - MESSAGE: An error occurred while trying to create an XmlSerializer for the type 'UpSkillFoundationApi.Models.Response.EmployeeResponse`1[[System.Collections.Generic.List`1[[UpSkillFoundationApi.Models.Employee, UpSkillFoundationApi, Version=1.0.0.0, Culture=neutral, PublicKeyToken=null]], System.Private.CoreLib, Version=4.0.0.0, Culture=neutral, PublicKeyToken=7cec85d7bea7798e]]'.
 System.InvalidOperationException: UpSkillFoundationApi.Models.Response.EmployeeResponse`1[System.Collections.Generic.List`1[UpSkillFoundationApi.Models.Employee]] cannot be serialized because it does not have a parameterless constructor.
   at System.Xml.Serialization.TypeDesc.CheckSupported()
   at System.Xml.Serialization.TypeScope.GetTypeDesc(Type type, MemberInfo source, Boolean directReference, Boolean throwOnError)
   at System.Xml.Serialization.ModelScope.GetTypeModel(Type type, Boolean directReference)
   at System.Xml.Serialization.XmlReflectionImporter.ImportTypeMapping(Type type, XmlRootAttribute root, String defaultNamespace)
   at System.Xml.Serialization.XmlSerializer..ctor(Type type, String defaultNamespace)
   at System.Xml.Serialization.XmlSerializer..ctor(Type type)
   at Microsoft.AspNetCore.Mvc.Formatters.XmlSerializerOutputFormatter.CreateSerializer(Type type)
2022-04-19 12:04:33,084  WARN Microsoft.AspNetCore.Mvc.Formatters.XmlSerializerOutputFormatter.? [?] - MESSAGE: An error occurred while trying to create an XmlSerializer for the type 'UpSkillFoundationApi.Models.Response.EmployeeResponse`1[[System.Collections.Generic.List`1[[UpSkillFoundationApi.Models.Employee, UpSkillFoundationApi, Version=1.0.0.0, Culture=neutral, PublicKeyToken=null]], System.Private.CoreLib, Version=4.0.0.0, Culture=neutral, PublicKeyToken=7cec85d7bea7798e]]'.
 System.InvalidOperationException: UpSkillFoundationApi.Models.Response.EmployeeResponse`1[System.Collections.Generic.List`1[UpSkillFoundationApi.Models.Employee]] cannot be serialized because it does not have a parameterless constructor.
   at System.Xml.Serialization.TypeDesc.CheckSupported()
   at System.Xml.Serialization.TypeScope.GetTypeDesc(Type type, MemberInfo source, Boolean directReference, Boolean throwOnError)
   at System.Xml.Serialization.ModelScope.GetTypeModel(Type type, Boolean directReference)
   at System.Xml.Serialization.XmlReflectionImporter.ImportTypeMapping(Type type, XmlRootAttribute root, String defaultNamespace)
   at System.Xml.Serialization.XmlSerializer..ctor(Type type, String defaultNamespace)
   at System.Xml.Serialization.XmlSerializer..ctor(Type type)
   at Microsoft.AspNetCore.Mvc.Formatters.XmlSerializerOutputFormatter.CreateSerializer(Type type)
2022-04-19 12:04:33,090  WARN Microsoft.AspNetCore.Mvc.Formatters.XmlSerializerOutputFormatter.? [?] - MESSAGE: An error occurred while trying to create an XmlSerializer for the type 'UpSkillFoundationApi.Models.Response.EmployeeResponse`1[[System.Collections.Generic.List`1[[UpSkillFoundationApi.Models.Employee, UpSkillFoundationApi, Version=1.0.0.0, Culture=neutral, PublicKeyToken=null]], System.Private.CoreLib, Version=4.0.0.0, Culture=neutral, PublicKeyToken=7cec85d7bea7798e]]'.
 System.InvalidOperationException: UpSkillFoundationApi.Models.Response.EmployeeResponse`1[System.Collections.Generic.List`1[UpSkillFoundationApi.Models.Employee]] cannot be serialized because it does not have a parameterless constructor.
   at System.Xml.Serialization.TypeDesc.CheckSupported()
   at System.Xml.Serialization.TypeScope.GetTypeDesc(Type type, MemberInfo source, Boolean directReference, Boolean throwOnError)
   at System.Xml.Serialization.ModelScope.GetTypeModel(Type type, Boolean directReference)
   at System.Xml.Serialization.XmlReflectionImporter.ImportTypeMapping(Type type, XmlRootAttribute root, String defaultNamespace)
   at System.Xml.Serialization.XmlSerializer..ctor(Type type, String defaultNamespace)
   at System.Xml.Serialization.XmlSerializer..ctor(Type type)
   at Microsoft.AspNetCore.Mvc.Formatters.XmlSerializerOutputFormatter.CreateSerializer(Type type)
2022-04-19 13:10:08,275  INFO Microsoft.Hosting.Lifetime.MoveNext [0] - MESSAGE: Now listening on: https://localhost:5001
 2022-04-19 13:10:08,366  INFO Microsoft.Hosting.Lifetime.MoveNext [0] - MESSAGE: Now listening on: http://localhost:5000
 2022-04-19 13:10:08,369  INFO Microsoft.Hosting.Lifetime.OnApplicationStarted [0] - MESSAGE: Application started. Press Ctrl+C to shut down.
 2022-04-19 13:10:08,371  INFO Microsoft.Hosting.Lifetime.OnApplicationStarted [0] - MESSAGE: Hosting environment: Development
 2022-04-19 13:10:08,373  INFO Microsoft.Hosting.Lifetime.OnApplicationStarted [0] - MESSAGE: Content root path: C:\Users\uttam.patel\source\repos\UpSkillFoundationApi\UpSkillFoundationApi
 2022-04-19 13:10:27,838  WARN Microsoft.EntityFrameworkCore.Model.Validation.? [?] - MESSAGE: The property 'ShiftId' on entity type 'Shift' is of type 'byte', but is set up to use a SQL Server identity column. This requires that values starting at 255 and counting down will be used for temporary key values. A temporary key value is needed for every entity inserted in a single call to 'SaveChanges'. Care must be taken that these values do not collide with real key values.
 2022-04-19 13:10:28,674 ERROR Microsoft.EntityFrameworkCore.Database.Connection.? [?] - MESSAGE: An error occurred using the connection to database 'AdventureWorks2019' on server 'PC0453\MSSQL2019'.
 2022-04-19 13:10:28,723 ERROR Microsoft.EntityFrameworkCore.Query.? [?] - MESSAGE: An exception occurred while iterating over the results of a query for context type 'UpSkillFoundationApi.Models.AdventureWorks2019Context'.
System.InvalidOperationException: An exception has been raised that is likely due to a transient failure. Consider enabling transient error resiliency by adding 'EnableRetryOnFailure()' to the 'UseSqlServer' call.
 ---> Microsoft.Data.SqlClient.SqlException (0x80131904): A connection was successfully established with the server, but then an error occurred during the login process. (provider: Shared Memory Provider, error: 0 - No process is on the other end of the pipe.)
 ---> System.ComponentModel.Win32Exception (233): No process is on the other end of the pipe.
   at Microsoft.Data.SqlClient.SqlInternalConnection.OnError(SqlException exception, Boolean breakConnection, Action`1 wrapCloseInAction)
   at Microsoft.Data.SqlClient.TdsParser.ThrowExceptionAndWarning(TdsParserStateObject stateObj, Boolean callerHasConnectionLock, Boolean asyncClose)
   at Microsoft.Data.SqlClient.TdsParserStateObject.ThrowExceptionAndWarning(Boolean callerHasConnectionLock, Boolean asyncClose)
   at Microsoft.Data.SqlClient.TdsParserStateObject.ReadSniError(TdsParserStateObject stateObj, UInt32 error)
   at Microsoft.Data.SqlClient.TdsParserStateObject.ReadSniSyncOverAsync()
   at Microsoft.Data.SqlClient.TdsParserStateObject.TryReadNetworkPacket()
   at Microsoft.Data.SqlClient.TdsParserStateObject.TryPrepareBuffer()
   at Microsoft.Data.SqlClient.TdsParserStateObject.TryReadByte(Byte& value)
   at Microsoft.Data.SqlClient.TdsParser.TryRun(RunBehavior runBehavior, SqlCommand cmdHandler, SqlDataReader dataStream, BulkCopySimpleResultSet bulkCopyHandler, TdsParserStateObject stateObj, Boolean& dataReady)
   at Microsoft.Data.SqlClient.TdsParser.Run(RunBehavior runBehavior, SqlCommand cmdHandler, SqlDataReader dataStream, BulkCopySimpleResultSet bulkCopyHandler, TdsParserStateObject stateObj)
   at Microsoft.Data.SqlClient.SqlInternalConnectionTds.CompleteLogin(Boolean enlistOK)
   at Microsoft.Data.SqlClient.SqlInternalConnectionTds.AttemptOneLogin(ServerInfo serverInfo, String newPassword, SecureString newSecurePassword, Boolean ignoreSniOpenTimeout, TimeoutTimer timeout, Boolean withFailover)
   at Microsoft.Data.SqlClient.SqlInternalConnectionTds.LoginNoFailover(ServerInfo serverInfo, String newPassword, SecureString newSecurePassword, Boolean redirectedUserInstance, SqlConnectionString connectionOptions, SqlCredential credential, TimeoutTimer timeout)
   at Microsoft.Data.SqlClient.SqlInternalConnectionTds.OpenLoginEnlist(TimeoutTimer timeout, SqlConnectionString connectionOptions, SqlCredential credential, String newPassword, SecureString newSecurePassword, Boolean redirectedUserInstance)
   at Microsoft.Data.SqlClient.SqlInternalConnectionTds..ctor(DbConnectionPoolIdentity identity, SqlConnectionString connectionOptions, SqlCredential credential, Object providerInfo, String newPassword, SecureString newSecurePassword, Boolean redirectedUserInstance, SqlConnectionString userConnectionOptions, SessionData reconnectSessionData, Boolean applyTransientFaultHandling, String accessToken, DbConnectionPool pool)
   at Microsoft.Data.SqlClient.SqlConnectionFactory.CreateConnection(DbConnectionOptions options, DbConnectionPoolKey poolKey, Object poolGroupProviderInfo, DbConnectionPool pool, DbConnection owningConnection, DbConnectionOptions userOptions)
   at Microsoft.Data.ProviderBase.DbConnectionFactory.CreatePooledConnection(DbConnectionPool pool, DbConnection owningObject, DbConnectionOptions options, DbConnectionPoolKey poolKey, DbConnectionOptions userOptions)
   at Microsoft.Data.ProviderBase.DbConnectionPool.CreateObject(DbConnection owningObject, DbConnectionOptions userOptions, DbConnectionInternal oldConnection)
   at Microsoft.Data.ProviderBase.DbConnectionPool.UserCreateRequest(DbConnection owningObject, DbConnectionOptions userOptions, DbConnectionInternal oldConnection)
   at Microsoft.Data.ProviderBase.DbConnectionPool.TryGetConnection(DbConnection owningObject, UInt32 waitForMultipleObjectsTimeout, Boolean allowCreate, Boolean onlyOneCheckConnection, DbConnectionOptions userOptions, DbConnectionInternal& connection)
   at Microsoft.Data.ProviderBase.DbConnectionPool.TryGetConnection(DbConnection owningObject, TaskCompletionSource`1 retry, DbConnectionOptions userOptions, DbConnectionInternal& connection)
   at Microsoft.Data.ProviderBase.DbConnectionFactory.TryGetConnection(DbConnection owningConnection, TaskCompletionSource`1 retry, DbConnectionOptions userOptions, DbConnectionInternal oldConnection, DbConnectionInternal& connection)
   at Microsoft.Data.ProviderBase.DbConnectionInternal.TryOpenConnectionInternal(DbConnection outerConnection, DbConnectionFactory connectionFactory, TaskCompletionSource`1 retry, DbConnectionOptions userOptions)
   at Microsoft.Data.ProviderBase.DbConnectionClosed.TryOpenConnection(DbConnection outerConnection, DbConnectionFactory connectionFactory, TaskCompletionSource`1 retry, DbConnectionOptions userOptions)
   at Microsoft.Data.SqlClient.SqlConnection.TryOpen(TaskCompletionSource`1 retry, SqlConnectionOverrides overrides)
   at Microsoft.Data.SqlClient.SqlConnection.Open(SqlConnectionOverrides overrides)
   at Microsoft.Data.SqlClient.SqlConnection.Open()
   at Microsoft.EntityFrameworkCore.SqlServer.Storage.Internal.SqlServerConnection.OpenDbConnection(Boolean errorsExpected)
   at Microsoft.EntityFrameworkCore.Storage.RelationalConnection.OpenInternal(Boolean errorsExpected)
   at Microsoft.EntityFrameworkCore.Storage.RelationalConnection.Open(Boolean errorsExpected)
   at Microsoft.EntityFrameworkCore.Storage.RelationalCommand.ExecuteReader(RelationalCommandParameterObject parameterObject)
   at Microsoft.EntityFrameworkCore.Query.Internal.FromSqlQueryingEnumerable`1.Enumerator.InitializeReader(DbContext _, Boolean result)
   at Microsoft.EntityFrameworkCore.SqlServer.Storage.Internal.SqlServerExecutionStrategy.Execute[TState,TResult](TState state, Func`3 operation, Func`3 verifySucceeded)
ClientConnectionId:fa5113d6-46bb-44d4-aeca-e53d3bcde5e9
Error Number:233,State:0,Class:20
   --- End of inner exception stack trace ---
   at Microsoft.EntityFrameworkCore.SqlServer.Storage.Internal.SqlServerExecutionStrategy.Execute[TState,TResult](TState state, Func`3 operation, Func`3 verifySucceeded)
   at Microsoft.EntityFrameworkCore.Query.Internal.FromSqlQueryingEnumerable`1.Enumerator.MoveNext()
 System.InvalidOperationException: An exception has been raised that is likely due to a transient failure. Consider enabling transient error resiliency by adding 'EnableRetryOnFailure()' to the 'UseSqlServer' call.
 ---> Microsoft.Data.SqlClient.SqlException (0x80131904): A connection was successfully established with the server, but then an error occurred during the login process. (provider: Shared Memory Provider, error: 0 - No process is on the other end of the pipe.)
 ---> System.ComponentModel.Win32Exception (233): No process is on the other end of the pipe.
   at Microsoft.Data.SqlClient.SqlInternalConnection.OnError(SqlException exception, Boolean breakConnection, Action`1 wrapCloseInAction)
   at Microsoft.Data.SqlClient.TdsParser.ThrowExceptionAndWarning(TdsParserStateObject stateObj, Boolean callerHasConnectionLock, Boolean asyncClose)
   at Microsoft.Data.SqlClient.TdsParserStateObject.ThrowExceptionAndWarning(Boolean callerHasConnectionLock, Boolean asyncClose)
   at Microsoft.Data.SqlClient.TdsParserStateObject.ReadSniError(TdsParserStateObject stateObj, UInt32 error)
   at Microsoft.Data.SqlClient.TdsParserStateObject.ReadSniSyncOverAsync()
   at Microsoft.Data.SqlClient.TdsParserStateObject.TryReadNetworkPacket()
   at Microsoft.Data.SqlClient.TdsParserStateObject.TryPrepareBuffer()
   at Microsoft.Data.SqlClient.TdsParserStateObject.TryReadByte(Byte& value)
   at Microsoft.Data.SqlClient.TdsParser.TryRun(RunBehavior runBehavior, SqlCommand cmdHandler, SqlDataReader dataStream, BulkCopySimpleResultSet bulkCopyHandler, TdsParserStateObject stateObj, Boolean& dataReady)
   at Microsoft.Data.SqlClient.TdsParser.Run(RunBehavior runBehavior, SqlCommand cmdHandler, SqlDataReader dataStream, BulkCopySimpleResultSet bulkCopyHandler, TdsParserStateObject stateObj)
   at Microsoft.Data.SqlClient.SqlInternalConnectionTds.CompleteLogin(Boolean enlistOK)
   at Microsoft.Data.SqlClient.SqlInternalConnectionTds.AttemptOneLogin(ServerInfo serverInfo, String newPassword, SecureString newSecurePassword, Boolean ignoreSniOpenTimeout, TimeoutTimer timeout, Boolean withFailover)
   at Microsoft.Data.SqlClient.SqlInternalConnectionTds.LoginNoFailover(ServerInfo serverInfo, String newPassword, SecureString newSecurePassword, Boolean redirectedUserInstance, SqlConnectionString connectionOptions, SqlCredential credential, TimeoutTimer timeout)
   at Microsoft.Data.SqlClient.SqlInternalConnectionTds.OpenLoginEnlist(TimeoutTimer timeout, SqlConnectionString connectionOptions, SqlCredential credential, String newPassword, SecureString newSecurePassword, Boolean redirectedUserInstance)
   at Microsoft.Data.SqlClient.SqlInternalConnectionTds..ctor(DbConnectionPoolIdentity identity, SqlConnectionString connectionOptions, SqlCredential credential, Object providerInfo, String newPassword, SecureString newSecurePassword, Boolean redirectedUserInstance, SqlConnectionString userConnectionOptions, SessionData reconnectSessionData, Boolean applyTransientFaultHandling, String accessToken, DbConnectionPool pool)
   at Microsoft.Data.SqlClient.SqlConnectionFactory.CreateConnection(DbConnectionOptions options, DbConnectionPoolKey poolKey, Object poolGroupProviderInfo, DbConnectionPool pool, DbConnection owningConnection, DbConnectionOptions userOptions)
   at Microsoft.Data.ProviderBase.DbConnectionFactory.CreatePooledConnection(DbConnectionPool pool, DbConnection owningObject, DbConnectionOptions options, DbConnectionPoolKey poolKey, DbConnectionOptions userOptions)
   at Microsoft.Data.ProviderBase.DbConnectionPool.CreateObject(DbConnection owningObject, DbConnectionOptions userOptions, DbConnectionInternal oldConnection)
   at Microsoft.Data.ProviderBase.DbConnectionPool.UserCreateRequest(DbConnection owningObject, DbConnectionOptions userOptions, DbConnectionInternal oldConnection)
   at Microsoft.Data.ProviderBase.DbConnectionPool.TryGetConnection(DbConnection owningObject, UInt32 waitForMultipleObjectsTimeout, Boolean allowCreate, Boolean onlyOneCheckConnection, DbConnectionOptions userOptions, DbConnectionInternal& connection)
   at Microsoft.Data.ProviderBase.DbConnectionPool.TryGetConnection(DbConnection owningObject, TaskCompletionSource`1 retry, DbConnectionOptions userOptions, DbConnectionInternal& connection)
   at Microsoft.Data.ProviderBase.DbConnectionFactory.TryGetConnection(DbConnection owningConnection, TaskCompletionSource`1 retry, DbConnectionOptions userOptions, DbConnectionInternal oldConnection, DbConnectionInternal& connection)
   at Microsoft.Data.ProviderBase.DbConnectionInternal.TryOpenConnectionInternal(DbConnection outerConnection, DbConnectionFactory connectionFactory, TaskCompletionSource`1 retry, DbConnectionOptions userOptions)
   at Microsoft.Data.ProviderBase.DbConnectionClosed.TryOpenConnection(DbConnection outerConnection, DbConnectionFactory connectionFactory, TaskCompletionSource`1 retry, DbConnectionOptions userOptions)
   at Microsoft.Data.SqlClient.SqlConnection.TryOpen(TaskCompletionSource`1 retry, SqlConnectionOverrides overrides)
   at Microsoft.Data.SqlClient.SqlConnection.Open(SqlConnectionOverrides overrides)
   at Microsoft.Data.SqlClient.SqlConnection.Open()
   at Microsoft.EntityFrameworkCore.SqlServer.Storage.Internal.SqlServerConnection.OpenDbConnection(Boolean errorsExpected)
   at Microsoft.EntityFrameworkCore.Storage.RelationalConnection.OpenInternal(Boolean errorsExpected)
   at Microsoft.EntityFrameworkCore.Storage.RelationalConnection.Open(Boolean errorsExpected)
   at Microsoft.EntityFrameworkCore.Storage.RelationalCommand.ExecuteReader(RelationalCommandParameterObject parameterObject)
   at Microsoft.EntityFrameworkCore.Query.Internal.FromSqlQueryingEnumerable`1.Enumerator.InitializeReader(DbContext _, Boolean result)
   at Microsoft.EntityFrameworkCore.SqlServer.Storage.Internal.SqlServerExecutionStrategy.Execute[TState,TResult](TState state, Func`3 operation, Func`3 verifySucceeded)
ClientConnectionId:fa5113d6-46bb-44d4-aeca-e53d3bcde5e9
Error Number:233,State:0,Class:20
   --- End of inner exception stack trace ---
   at Microsoft.EntityFrameworkCore.SqlServer.Storage.Internal.SqlServerExecutionStrategy.Execute[TState,TResult](TState state, Func`3 operation, Func`3 verifySucceeded)
   at Microsoft.EntityFrameworkCore.Query.Internal.FromSqlQueryingEnumerable`1.Enumerator.MoveNext()
2022-04-19 13:10:28,948 ERROR UpSkillFoundationApi.CustomException.GlobalException.HandleExceptionMessageAsync [46] - MESSAGE: {"errorMessage":"An exception has been raised that is likely due to a transient failure. Consider enabling transient error resiliency by adding 'EnableRetryOnFailure()' to the 'UseSqlServer' call.","statusCode":500,"link":"/api/Employees"}
 2022-04-19 13:10:51,074 ERROR Microsoft.EntityFrameworkCore.Database.Connection.? [?] - MESSAGE: An error occurred using the connection to database 'AdventureWorks2019' on server 'PC0453\MSSQL2019'.
 2022-04-19 13:10:51,095 ERROR Microsoft.EntityFrameworkCore.Query.? [?] - MESSAGE: An exception occurred while iterating over the results of a query for context type 'UpSkillFoundationApi.Models.AdventureWorks2019Context'.
Microsoft.Data.SqlClient.SqlException (0x80131904): Login failed for user ''.
   at Microsoft.Data.SqlClient.SqlInternalConnection.OnError(SqlException exception, Boolean breakConnection, Action`1 wrapCloseInAction)
   at Microsoft.Data.SqlClient.TdsParser.ThrowExceptionAndWarning(TdsParserStateObject stateObj, Boolean callerHasConnectionLock, Boolean asyncClose)
   at Microsoft.Data.SqlClient.TdsParser.TryRun(RunBehavior runBehavior, SqlCommand cmdHandler, SqlDataReader dataStream, BulkCopySimpleResultSet bulkCopyHandler, TdsParserStateObject stateObj, Boolean& dataReady)
   at Microsoft.Data.SqlClient.TdsParser.Run(RunBehavior runBehavior, SqlCommand cmdHandler, SqlDataReader dataStream, BulkCopySimpleResultSet bulkCopyHandler, TdsParserStateObject stateObj)
   at Microsoft.Data.SqlClient.SqlInternalConnectionTds.CompleteLogin(Boolean enlistOK)
   at Microsoft.Data.SqlClient.SqlInternalConnectionTds.AttemptOneLogin(ServerInfo serverInfo, String newPassword, SecureString newSecurePassword, Boolean ignoreSniOpenTimeout, TimeoutTimer timeout, Boolean withFailover)
   at Microsoft.Data.SqlClient.SqlInternalConnectionTds.LoginNoFailover(ServerInfo serverInfo, String newPassword, SecureString newSecurePassword, Boolean redirectedUserInstance, SqlConnectionString connectionOptions, SqlCredential credential, TimeoutTimer timeout)
   at Microsoft.Data.SqlClient.SqlInternalConnectionTds.OpenLoginEnlist(TimeoutTimer timeout, SqlConnectionString connectionOptions, SqlCredential credential, String newPassword, SecureString newSecurePassword, Boolean redirectedUserInstance)
   at Microsoft.Data.SqlClient.SqlInternalConnectionTds..ctor(DbConnectionPoolIdentity identity, SqlConnectionString connectionOptions, SqlCredential credential, Object providerInfo, String newPassword, SecureString newSecurePassword, Boolean redirectedUserInstance, SqlConnectionString userConnectionOptions, SessionData reconnectSessionData, Boolean applyTransientFaultHandling, String accessToken, DbConnectionPool pool)
   at Microsoft.Data.SqlClient.SqlConnectionFactory.CreateConnection(DbConnectionOptions options, DbConnectionPoolKey poolKey, Object poolGroupProviderInfo, DbConnectionPool pool, DbConnection owningConnection, DbConnectionOptions userOptions)
   at Microsoft.Data.ProviderBase.DbConnectionFactory.CreatePooledConnection(DbConnectionPool pool, DbConnection owningObject, DbConnectionOptions options, DbConnectionPoolKey poolKey, DbConnectionOptions userOptions)
   at Microsoft.Data.ProviderBase.DbConnectionPool.CreateObject(DbConnection owningObject, DbConnectionOptions userOptions, DbConnectionInternal oldConnection)
   at Microsoft.Data.ProviderBase.DbConnectionPool.UserCreateRequest(DbConnection owningObject, DbConnectionOptions userOptions, DbConnectionInternal oldConnection)
   at Microsoft.Data.ProviderBase.DbConnectionPool.TryGetConnection(DbConnection owningObject, UInt32 waitForMultipleObjectsTimeout, Boolean allowCreate, Boolean onlyOneCheckConnection, DbConnectionOptions userOptions, DbConnectionInternal& connection)
   at Microsoft.Data.ProviderBase.DbConnectionPool.TryGetConnection(DbConnection owningObject, TaskCompletionSource`1 retry, DbConnectionOptions userOptions, DbConnectionInternal& connection)
   at Microsoft.Data.ProviderBase.DbConnectionFactory.TryGetConnection(DbConnection owningConnection, TaskCompletionSource`1 retry, DbConnectionOptions userOptions, DbConnectionInternal oldConnection, DbConnectionInternal& connection)
   at Microsoft.Data.ProviderBase.DbConnectionInternal.TryOpenConnectionInternal(DbConnection outerConnection, DbConnectionFactory connectionFactory, TaskCompletionSource`1 retry, DbConnectionOptions userOptions)
   at Microsoft.Data.ProviderBase.DbConnectionClosed.TryOpenConnection(DbConnection outerConnection, DbConnectionFactory connectionFactory, TaskCompletionSource`1 retry, DbConnectionOptions userOptions)
   at Microsoft.Data.SqlClient.SqlConnection.TryOpen(TaskCompletionSource`1 retry, SqlConnectionOverrides overrides)
   at Microsoft.Data.SqlClient.SqlConnection.Open(SqlConnectionOverrides overrides)
   at Microsoft.Data.SqlClient.SqlConnection.Open()
   at Microsoft.EntityFrameworkCore.SqlServer.Storage.Internal.SqlServerConnection.OpenDbConnection(Boolean errorsExpected)
   at Microsoft.EntityFrameworkCore.Storage.RelationalConnection.OpenInternal(Boolean errorsExpected)
   at Microsoft.EntityFrameworkCore.Storage.RelationalConnection.Open(Boolean errorsExpected)
   at Microsoft.EntityFrameworkCore.Storage.RelationalCommand.ExecuteReader(RelationalCommandParameterObject parameterObject)
   at Microsoft.EntityFrameworkCore.Query.Internal.FromSqlQueryingEnumerable`1.Enumerator.InitializeReader(DbContext _, Boolean result)
   at Microsoft.EntityFrameworkCore.SqlServer.Storage.Internal.SqlServerExecutionStrategy.Execute[TState,TResult](TState state, Func`3 operation, Func`3 verifySucceeded)
   at Microsoft.EntityFrameworkCore.Query.Internal.FromSqlQueryingEnumerable`1.Enumerator.MoveNext()
ClientConnectionId:2cf52ed6-0f35-4c09-bffd-7e3422cf88ff
Error Number:18456,State:1,Class:14
 Microsoft.Data.SqlClient.SqlException (0x80131904): Login failed for user ''.
   at Microsoft.Data.SqlClient.SqlInternalConnection.OnError(SqlException exception, Boolean breakConnection, Action`1 wrapCloseInAction)
   at Microsoft.Data.SqlClient.TdsParser.ThrowExceptionAndWarning(TdsParserStateObject stateObj, Boolean callerHasConnectionLock, Boolean asyncClose)
   at Microsoft.Data.SqlClient.TdsParser.TryRun(RunBehavior runBehavior, SqlCommand cmdHandler, SqlDataReader dataStream, BulkCopySimpleResultSet bulkCopyHandler, TdsParserStateObject stateObj, Boolean& dataReady)
   at Microsoft.Data.SqlClient.TdsParser.Run(RunBehavior runBehavior, SqlCommand cmdHandler, SqlDataReader dataStream, BulkCopySimpleResultSet bulkCopyHandler, TdsParserStateObject stateObj)
   at Microsoft.Data.SqlClient.SqlInternalConnectionTds.CompleteLogin(Boolean enlistOK)
   at Microsoft.Data.SqlClient.SqlInternalConnectionTds.AttemptOneLogin(ServerInfo serverInfo, String newPassword, SecureString newSecurePassword, Boolean ignoreSniOpenTimeout, TimeoutTimer timeout, Boolean withFailover)
   at Microsoft.Data.SqlClient.SqlInternalConnectionTds.LoginNoFailover(ServerInfo serverInfo, String newPassword, SecureString newSecurePassword, Boolean redirectedUserInstance, SqlConnectionString connectionOptions, SqlCredential credential, TimeoutTimer timeout)
   at Microsoft.Data.SqlClient.SqlInternalConnectionTds.OpenLoginEnlist(TimeoutTimer timeout, SqlConnectionString connectionOptions, SqlCredential credential, String newPassword, SecureString newSecurePassword, Boolean redirectedUserInstance)
   at Microsoft.Data.SqlClient.SqlInternalConnectionTds..ctor(DbConnectionPoolIdentity identity, SqlConnectionString connectionOptions, SqlCredential credential, Object providerInfo, String newPassword, SecureString newSecurePassword, Boolean redirectedUserInstance, SqlConnectionString userConnectionOptions, SessionData reconnectSessionData, Boolean applyTransientFaultHandling, String accessToken, DbConnectionPool pool)
   at Microsoft.Data.SqlClient.SqlConnectionFactory.CreateConnection(DbConnectionOptions options, DbConnectionPoolKey poolKey, Object poolGroupProviderInfo, DbConnectionPool pool, DbConnection owningConnection, DbConnectionOptions userOptions)
   at Microsoft.Data.ProviderBase.DbConnectionFactory.CreatePooledConnection(DbConnectionPool pool, DbConnection owningObject, DbConnectionOptions options, DbConnectionPoolKey poolKey, DbConnectionOptions userOptions)
   at Microsoft.Data.ProviderBase.DbConnectionPool.CreateObject(DbConnection owningObject, DbConnectionOptions userOptions, DbConnectionInternal oldConnection)
   at Microsoft.Data.ProviderBase.DbConnectionPool.UserCreateRequest(DbConnection owningObject, DbConnectionOptions userOptions, DbConnectionInternal oldConnection)
   at Microsoft.Data.ProviderBase.DbConnectionPool.TryGetConnection(DbConnection owningObject, UInt32 waitForMultipleObjectsTimeout, Boolean allowCreate, Boolean onlyOneCheckConnection, DbConnectionOptions userOptions, DbConnectionInternal& connection)
   at Microsoft.Data.ProviderBase.DbConnectionPool.TryGetConnection(DbConnection owningObject, TaskCompletionSource`1 retry, DbConnectionOptions userOptions, DbConnectionInternal& connection)
   at Microsoft.Data.ProviderBase.DbConnectionFactory.TryGetConnection(DbConnection owningConnection, TaskCompletionSource`1 retry, DbConnectionOptions userOptions, DbConnectionInternal oldConnection, DbConnectionInternal& connection)
   at Microsoft.Data.ProviderBase.DbConnectionInternal.TryOpenConnectionInternal(DbConnection outerConnection, DbConnectionFactory connectionFactory, TaskCompletionSource`1 retry, DbConnectionOptions userOptions)
   at Microsoft.Data.ProviderBase.DbConnectionClosed.TryOpenConnection(DbConnection outerConnection, DbConnectionFactory connectionFactory, TaskCompletionSource`1 retry, DbConnectionOptions userOptions)
   at Microsoft.Data.SqlClient.SqlConnection.TryOpen(TaskCompletionSource`1 retry, SqlConnectionOverrides overrides)
   at Microsoft.Data.SqlClient.SqlConnection.Open(SqlConnectionOverrides overrides)
   at Microsoft.Data.SqlClient.SqlConnection.Open()
   at Microsoft.EntityFrameworkCore.SqlServer.Storage.Internal.SqlServerConnection.OpenDbConnection(Boolean errorsExpected)
   at Microsoft.EntityFrameworkCore.Storage.RelationalConnection.OpenInternal(Boolean errorsExpected)
   at Microsoft.EntityFrameworkCore.Storage.RelationalConnection.Open(Boolean errorsExpected)
   at Microsoft.EntityFrameworkCore.Storage.RelationalCommand.ExecuteReader(RelationalCommandParameterObject parameterObject)
   at Microsoft.EntityFrameworkCore.Query.Internal.FromSqlQueryingEnumerable`1.Enumerator.InitializeReader(DbContext _, Boolean result)
   at Microsoft.EntityFrameworkCore.SqlServer.Storage.Internal.SqlServerExecutionStrategy.Execute[TState,TResult](TState state, Func`3 operation, Func`3 verifySucceeded)
   at Microsoft.EntityFrameworkCore.Query.Internal.FromSqlQueryingEnumerable`1.Enumerator.MoveNext()
ClientConnectionId:2cf52ed6-0f35-4c09-bffd-7e3422cf88ff
Error Number:18456,State:1,Class:14
2022-04-19 13:10:51,108 ERROR UpSkillFoundationApi.CustomException.GlobalException.HandleExceptionMessageAsync [46] - MESSAGE: {"errorMessage":"Login failed for user ''.","statusCode":500,"link":"/api/Employees/EmpByDept/3"}
 2022-04-19 13:11:35,684  INFO Microsoft.Hosting.Lifetime.MoveNext [0] - MESSAGE: Now listening on: https://localhost:5001
 2022-04-19 13:11:35,783  INFO Microsoft.Hosting.Lifetime.MoveNext [0] - MESSAGE: Now listening on: http://localhost:5000
 2022-04-19 13:11:35,786  INFO Microsoft.Hosting.Lifetime.OnApplicationStarted [0] - MESSAGE: Application started. Press Ctrl+C to shut down.
 2022-04-19 13:11:35,789  INFO Microsoft.Hosting.Lifetime.OnApplicationStarted [0] - MESSAGE: Hosting environment: Development
 2022-04-19 13:11:35,795  INFO Microsoft.Hosting.Lifetime.OnApplicationStarted [0] - MESSAGE: Content root path: C:\Users\uttam.patel\source\repos\UpSkillFoundationApi\UpSkillFoundationApi
 2022-04-19 13:11:41,829  WARN Microsoft.EntityFrameworkCore.Model.Validation.? [?] - MESSAGE: The property 'ShiftId' on entity type 'Shift' is of type 'byte', but is set up to use a SQL Server identity column. This requires that values starting at 255 and counting down will be used for temporary key values. A temporary key value is needed for every entity inserted in a single call to 'SaveChanges'. Care must be taken that these values do not collide with real key values.
 2022-04-19 14:19:14,106  WARN Microsoft.EntityFrameworkCore.Model.Validation.? [?] - MESSAGE: The property 'ShiftId' on entity type 'Shift' is of type 'byte', but is set up to use a SQL Server identity column. This requires that values starting at 255 and counting down will be used for temporary key values. A temporary key value is needed for every entity inserted in a single call to 'SaveChanges'. Care must be taken that these values do not collide with real key values.
 